Application/build/intermediates/manifest_merge_blame_file/debug/manifest-merger-blame-debug-report.txt
1<?xml version="1.0" encoding="utf-8"?>
2<!--
3  Copyright 2015 Google Inc. All rights reserved.
4
5  Licensed under the Apache License, Version 2.0 (the "License");
6  you may not use this file except in compliance with the License.
7  You may obtain a copy of the License at
8
9       http://www.apache.org/licenses/LICENSE-2.0
10
11  Unless required by applicable law or agreed to in writing, software
12  distributed under the License is distributed on an "AS IS" BASIS,
13  WITHOUT WARRANTIES OR CONDITIONS OF ANY KIND, either express or implied.
14  See the License for the specific language governing permissions and
15  limitations under the License.
16-->
17<manifest xmlns:android="http://schemas.android.com/apk/res/android"
18    package="com.example.android.xyztouristattractions"
19    android:versionCode="1"
20    android:versionName="1.0" >
21
22    <uses-sdk
23        android:minSdkVersion="18"
23-->src/main/AndroidManifest.xml
24        android:targetSdkVersion="28" />
24-->src/main/AndroidManifest.xml
25
26    <uses-permission android:name="android.permission.INTERNET" />
26-->src/main/AndroidManifest.xml:22:5-67
26-->src/main/AndroidManifest.xml:22:22-64
27    <uses-permission android:name="android.permission.ACCESS_FINE_LOCATION" />
27-->src/main/AndroidManifest.xml:23:5-79
27-->src/main/AndroidManifest.xml:23:22-76
28    <uses-permission android:name="android.permission.WAKE_LOCK" />
28-->src/main/AndroidManifest.xml:24:5-68
28-->src/main/AndroidManifest.xml:24:22-65
29
30    <!-- Include required permissions for Google Maps API to run. -->
31    <uses-permission android:name="android.permission.ACCESS_NETWORK_STATE" />
31-->[com.google.android.gms:play-services-maps:17.0.0] AndroidManifest.xml:23:5-79
31-->[com.google.android.gms:play-services-maps:17.0.0] AndroidManifest.xml:23:22-76
32
33    <uses-feature
33-->[com.google.android.gms:play-services-maps:17.0.0] AndroidManifest.xml:26:5-28:35
34        android:glEsVersion="0x00020000"
34-->[com.google.android.gms:play-services-maps:17.0.0] AndroidManifest.xml:27:9-41
35        android:required="true" />
35-->[com.google.android.gms:play-services-maps:17.0.0] AndroidManifest.xml:28:9-32
36
37    <application
37-->src/main/AndroidManifest.xml:28:5-78:19
38        android:allowBackup="true"
38-->src/main/AndroidManifest.xml:29:9-35
39        android:appComponentFactory="androidx.core.app.CoreComponentFactory"
39-->[androidx.core:core:1.3.0] AndroidManifest.xml:24:18-86
40        android:debuggable="true"
41        android:fullBackupContent="true"
41-->src/main/AndroidManifest.xml:33:9-41
42        android:icon="@mipmap/ic_launcher"
42-->src/main/AndroidManifest.xml:30:9-43
43        android:label="@string/app_name"
43-->src/main/AndroidManifest.xml:31:9-41
44        android:testOnly="true"
45        android:theme="@style/XYZAppTheme" >
45-->src/main/AndroidManifest.xml:32:9-43
46        <activity
46-->src/main/AndroidManifest.xml:35:9-44:20
47            android:name="com.example.android.xyztouristattractions.ui.AttractionListActivity"
47-->src/main/AndroidManifest.xml:36:13-54
48            android:label="AIGuide" >
48-->src/main/AndroidManifest.xml:37:13-36
49            <intent-filter>
49-->src/main/AndroidManifest.xml:39:13-42:29
50                <action android:name="android.intent.action.MAIN" />
50-->src/main/AndroidManifest.xml:40:17-69
50-->src/main/AndroidManifest.xml:40:25-66
51
52                <category android:name="android.intent.category.LAUNCHER" />
52-->src/main/AndroidManifest.xml:41:17-77
52-->src/main/AndroidManifest.xml:41:27-74
53            </intent-filter>
54        </activity>
55        <activity
55-->src/main/AndroidManifest.xml:46:9-50:71
56            android:name="com.example.android.xyztouristattractions.ui.DetailActivity"
56-->src/main/AndroidManifest.xml:47:13-46
57            android:label="@string/app_name"
57-->src/main/AndroidManifest.xml:48:13-45
58            android:parentActivityName="com.example.android.xyztouristattractions.ui.AttractionListActivity"
58-->src/main/AndroidManifest.xml:50:13-68
59            android:theme="@style/XYZAppTheme.Detail" />
59-->src/main/AndroidManifest.xml:49:13-54
60
61        <receiver android:name="com.example.android.xyztouristattractions.service.UtilityReceiver" />
61-->src/main/AndroidManifest.xml:52:9-61
61-->src/main/AndroidManifest.xml:52:19-58
62
63        <service android:name="com.example.android.xyztouristattractions.service.UtilityService" />
63-->src/main/AndroidManifest.xml:54:9-59
63-->src/main/AndroidManifest.xml:54:18-56
64        <service android:name="com.example.android.xyztouristattractions.service.ListenerService" >
64-->src/main/AndroidManifest.xml:56:9-69:19
64-->src/main/AndroidManifest.xml:56:18-57
65            <intent-filter>
65-->src/main/AndroidManifest.xml:57:13-68:29
66
67                <!-- listeners receive events that match the action and data filters -->
68                <action android:name="com.google.android.gms.wearable.MESSAGE_RECEIVED" />
68-->src/main/AndroidManifest.xml:59:17-91
68-->src/main/AndroidManifest.xml:59:25-88
69
70                <!-- filters by Constants.CLEAR_NOTIFICATIONS_PATH -->
71                <data
71-->src/main/AndroidManifest.xml:62:17-91
72                    android:host="*"
72-->src/main/AndroidManifest.xml:62:45-61
73                    android:pathPrefix="/clear"
73-->src/main/AndroidManifest.xml:62:62-89
74                    android:scheme="wear" />
74-->src/main/AndroidManifest.xml:62:23-44
75
76                <!--
77                filters by Constants.START_PATH, the prefix for
78                Constants.START_ATTRACTION_PATH ('/start/attraction') and
79                Constants.START_NAVIGATION_PATH ('/start/navigation')
80                -->
81                <data
81-->src/main/AndroidManifest.xml:62:17-91
82                    android:host="*"
82-->src/main/AndroidManifest.xml:62:45-61
83                    android:pathPrefix="/start"
83-->src/main/AndroidManifest.xml:62:62-89
84                    android:scheme="wear" />
84-->src/main/AndroidManifest.xml:62:23-44
85            </intent-filter>
86        </service>
87
88        <meta-data
88-->src/main/AndroidManifest.xml:71:9-72:69
89            android:name="com.google.android.gms.version"
89-->src/main/AndroidManifest.xml:71:20-65
90            android:value="@integer/google_play_services_version" />
90-->src/main/AndroidManifest.xml:72:13-66
91        <meta-data
91-->src/main/AndroidManifest.xml:74:9-76:42
92            android:name="com.example.android.xyztouristattractions.config.GlideConfiguration"
92-->src/main/AndroidManifest.xml:75:13-95
93            android:value="GlideModule" />
93-->src/main/AndroidManifest.xml:76:13-40
94
95        <!-- Needs to be explicitly declared on P+ -->
96        <uses-library
96-->[com.google.android.gms:play-services-maps:17.0.0] AndroidManifest.xml:33:9-35:40
97            android:name="org.apache.http.legacy"
97-->[com.google.android.gms:play-services-maps:17.0.0] AndroidManifest.xml:34:13-50
98            android:required="false" />
98-->[com.google.android.gms:play-services-maps:17.0.0] AndroidManifest.xml:35:13-37
99
100        <activity
100-->[com.google.android.gms:play-services-base:17.0.0] AndroidManifest.xml:23:9-26:75
101            android:name="com.google.android.gms.common.api.GoogleApiActivity"
101-->[com.google.android.gms:play-services-base:17.0.0] AndroidManifest.xml:24:13-79
102            android:exported="false"
102-->[com.google.android.gms:play-services-base:17.0.0] AndroidManifest.xml:25:13-37
103            android:theme="@android:style/Theme.Translucent.NoTitleBar" />
103-->[com.google.android.gms:play-services-base:17.0.0] AndroidManifest.xml:26:13-72
104    </application>
105
106</manifest>